# JRE version: OpenJDK Runtime Environment (11.0.2+9) (build 11.0.2+9)
# Java VM: OpenJDK 64-Bit Server VM (11.0.2+9, mixed mode, tiered, compressed oops, g1 gc, windows-amd64)
Heap:
 garbage-first heap   total 129024K, used 58106K [0x0000000083600000, 0x0000000100000000)
  region size 1024K, 51 young (52224K), 4 survivors (4096K)
 Metaspace       used 30092K, capacity 30792K, committed 30848K, reserved 1077248K
  class space    used 3471K, capacity 3704K, committed 3712K, reserved 1048576K
GC Heap History (8 events):
Event: 4.103 GC heap before
{Heap before GC invocations=0 (full 0):
 garbage-first heap   total 129024K, used 24576K [0x0000000083600000, 0x0000000100000000)
  region size 1024K, 24 young (24576K), 0 survivors (0K)
 Metaspace       used 11114K, capacity 11389K, committed 11648K, reserved 1060864K
  class space    used 1050K, capacity 1138K, committed 1152K, reserved 1048576K
}
Event: 4.117 GC heap after
{Heap after GC invocations=1 (full 0):
 garbage-first heap   total 129024K, used 7119K [0x0000000083600000, 0x0000000100000000)
  region size 1024K, 3 young (3072K), 3 survivors (3072K)
 Metaspace       used 11114K, capacity 11389K, committed 11648K, reserved 1060864K
  class space    used 1050K, capacity 1138K, committed 1152K, reserved 1048576K
}
Event: 4.418 GC heap before
{Heap before GC invocations=1 (full 0):
 garbage-first heap   total 129024K, used 45007K [0x0000000083600000, 0x0000000100000000)
  region size 1024K, 41 young (41984K), 3 survivors (3072K)
 Metaspace       used 12464K, capacity 12775K, committed 12928K, reserved 1060864K
  class space    used 1220K, capacity 1304K, committed 1408K, reserved 1048576K
}
Event: 4.456 GC heap after
{Heap after GC invocations=2 (full 0):
 garbage-first heap   total 129024K, used 7474K [0x0000000083600000, 0x0000000100000000)
  region size 1024K, 4 young (4096K), 4 survivors (4096K)
 Metaspace       used 12464K, capacity 12775K, committed 12928K, reserved 1060864K
  class space    used 1220K, capacity 1304K, committed 1408K, reserved 1048576K
}
Event: 6.131 GC heap before
{Heap before GC invocations=2 (full 0):
 garbage-first heap   total 129024K, used 55602K [0x0000000083600000, 0x0000000100000000)
  region size 1024K, 52 young (53248K), 4 survivors (4096K)
 Metaspace       used 20774K, capacity 21163K, committed 21248K, reserved 1069056K
  class space    used 2363K, capacity 2506K, committed 2560K, reserved 1048576K
}
Event: 6.143 GC heap after
{Heap after GC invocations=3 (full 0):
 garbage-first heap   total 129024K, used 9385K [0x0000000083600000, 0x0000000100000000)
  region size 1024K, 6 young (6144K), 6 survivors (6144K)
 Metaspace       used 20774K, capacity 21163K, committed 21248K, reserved 1069056K
  class space    used 2363K, capacity 2506K, committed 2560K, reserved 1048576K
}
Event: 7.047 GC heap before
{Heap before GC invocations=4 (full 0):
 garbage-first heap   total 129024K, used 79017K [0x0000000083600000, 0x0000000100000000)
  region size 1024K, 75 young (76800K), 6 survivors (6144K)
 Metaspace       used 26702K, capacity 27295K, committed 27648K, reserved 1073152K
  class space    used 3026K, capacity 3227K, committed 3328K, reserved 1048576K
}
Event: 7.055 GC heap after
{Heap after GC invocations=5 (full 0):
 garbage-first heap   total 129024K, used 11002K [0x0000000083600000, 0x0000000100000000)
  region size 1024K, 4 young (4096K), 4 survivors (4096K)
 Metaspace       used 26702K, capacity 27295K, committed 27648K, reserved 1073152K
  class space    used 3026K, capacity 3227K, committed 3328K, reserved 1048576K
}

