# JRE version: OpenJDK Runtime Environment (11.0.2+9) (build 11.0.2+9)
# Java VM: OpenJDK 64-Bit Server VM (11.0.2+9, mixed mode, tiered, compressed oops, g1 gc, windows-amd64)
Heap:
 garbage-first heap   total 155648K, used 42720K [0x0000000083600000, 0x0000000100000000)
  region size 1024K, 36 young (36864K), 6 survivors (6144K)
 Metaspace       used 36526K, capacity 37521K, committed 37780K, reserved 1083392K
  class space    used 4376K, capacity 4783K, committed 4864K, reserved 1048576K
GC Heap History (10 events):
Event: 1.692 GC heap before
{Heap before GC invocations=0 (full 0):
 garbage-first heap   total 129024K, used 24576K [0x0000000083600000, 0x0000000100000000)
  region size 1024K, 24 young (24576K), 0 survivors (0K)
 Metaspace       used 11120K, capacity 11389K, committed 11648K, reserved 1060864K
  class space    used 1052K, capacity 1138K, committed 1152K, reserved 1048576K
}
Event: 1.702 GC heap after
{Heap after GC invocations=1 (full 0):
 garbage-first heap   total 129024K, used 7216K [0x0000000083600000, 0x0000000100000000)
  region size 1024K, 3 young (3072K), 3 survivors (3072K)
 Metaspace       used 11120K, capacity 11389K, committed 11648K, reserved 1060864K
  class space    used 1052K, capacity 1138K, committed 1152K, reserved 1048576K
}
Event: 2.030 GC heap before
{Heap before GC invocations=1 (full 0):
 garbage-first heap   total 129024K, used 47152K [0x0000000083600000, 0x0000000100000000)
  region size 1024K, 43 young (44032K), 3 survivors (3072K)
 Metaspace       used 13217K, capacity 13534K, committed 13824K, reserved 1060864K
  class space    used 1310K, capacity 1411K, committed 1536K, reserved 1048576K
}
Event: 2.069 GC heap after
{Heap after GC invocations=2 (full 0):
 garbage-first heap   total 129024K, used 7749K [0x0000000083600000, 0x0000000100000000)
  region size 1024K, 4 young (4096K), 4 survivors (4096K)
 Metaspace       used 13217K, capacity 13534K, committed 13824K, reserved 1060864K
  class space    used 1310K, capacity 1411K, committed 1536K, reserved 1048576K
}
Event: 3.020 GC heap before
{Heap before GC invocations=2 (full 0):
 garbage-first heap   total 129024K, used 52805K [0x0000000083600000, 0x0000000100000000)
  region size 1024K, 50 young (51200K), 4 survivors (4096K)
 Metaspace       used 20745K, capacity 21184K, committed 21248K, reserved 1069056K
  class space    used 2343K, capacity 2519K, committed 2560K, reserved 1048576K
}
Event: 3.031 GC heap after
{Heap after GC invocations=3 (full 0):
 garbage-first heap   total 129024K, used 9531K [0x0000000083600000, 0x0000000100000000)
  region size 1024K, 6 young (6144K), 6 survivors (6144K)
 Metaspace       used 20745K, capacity 21184K, committed 21248K, reserved 1069056K
  class space    used 2343K, capacity 2519K, committed 2560K, reserved 1048576K
}
Event: 4.368 GC heap before
{Heap before GC invocations=4 (full 0):
 garbage-first heap   total 129024K, used 69947K [0x0000000083600000, 0x0000000100000000)
  region size 1024K, 66 young (67584K), 6 survivors (6144K)
 Metaspace       used 27394K, capacity 27939K, committed 28180K, reserved 1075200K
  class space    used 3167K, capacity 3383K, committed 3456K, reserved 1048576K
}
Event: 4.379 GC heap after
{Heap after GC invocations=5 (full 0):
 garbage-first heap   total 129024K, used 10856K [0x0000000083600000, 0x0000000100000000)
  region size 1024K, 4 young (4096K), 4 survivors (4096K)
 Metaspace       used 27394K, capacity 27939K, committed 28180K, reserved 1075200K
  class space    used 3167K, capacity 3383K, committed 3456K, reserved 1048576K
}
Event: 7.473 GC heap before
{Heap before GC invocations=6 (full 0):
 garbage-first heap   total 129024K, used 82536K [0x0000000083600000, 0x0000000100000000)
  region size 1024K, 75 young (76800K), 4 survivors (4096K)
 Metaspace       used 31737K, capacity 32514K, committed 32660K, reserved 1077248K
  class space    used 3706K, capacity 4062K, committed 4096K, reserved 1048576K
}
Event: 7.481 GC heap after
{Heap after GC invocations=7 (full 0):
 garbage-first heap   total 155648K, used 13024K [0x0000000083600000, 0x0000000100000000)
  region size 1024K, 6 young (6144K), 6 survivors (6144K)
 Metaspace       used 31737K, capacity 32514K, committed 32660K, reserved 1077248K
  class space    used 3706K, capacity 4062K, committed 4096K, reserved 1048576K
}

